Using pre-set license
Built from '6000.0/release' branch; Version is '6000.0.25f1 (4859ab7b5a49) revision 4741547'; Using compiler version '193933523'; Build Type 'Release'
OS: 'Windows 10  (10.0.19045) 64bit Education' Language: 'en' Physical Memory: 16309 MB
BatchMode: 1, IsHumanControllingUs: 0, StartBugReporterOnCrash: 0, Is64bit: 1, IsPro: 1

COMMAND LINE ARGUMENTS:
C:\Program Files\Unity\Hub\Editor\6000.0.25f1\Editor\Unity.exe
-adb2
-batchMode
-noUpm
-name
AssetImportWorker3
-projectPath
C:/Users/548887/GrannyNorma
-logFile
Logs/AssetImportWorker3.log
-srvPort
50881
-job-worker-count
5
-background-job-worker-count
8
-asset-garbage-collectors
1
Successfully changed project path to: C:/Users/548887/GrannyNorma
C:/Users/548887/GrannyNorma
[UnityMemory] Configuration Parameters - Can be set up in boot.config
    "memorysetup-bucket-allocator-granularity=16"
    "memorysetup-bucket-allocator-bucket-count=8"
    "memorysetup-bucket-allocator-block-size=33554432"
    "memorysetup-bucket-allocator-block-count=8"
    "memorysetup-main-allocator-block-size=16777216"
    "memorysetup-thread-allocator-block-size=16777216"
    "memorysetup-gfx-main-allocator-block-size=16777216"
    "memorysetup-gfx-thread-allocator-block-size=16777216"
    "memorysetup-cache-allocator-block-size=4194304"
    "memorysetup-typetree-allocator-block-size=2097152"
    "memorysetup-profiler-bucket-allocator-granularity=16"
    "memorysetup-profiler-bucket-allocator-bucket-count=8"
    "memorysetup-profiler-bucket-allocator-block-size=33554432"
    "memorysetup-profiler-bucket-allocator-block-count=8"
    "memorysetup-profiler-allocator-block-size=16777216"
    "memorysetup-profiler-editor-allocator-block-size=1048576"
    "memorysetup-temp-allocator-size-main=16777216"
    "memorysetup-job-temp-allocator-block-size=2097152"
    "memorysetup-job-temp-allocator-block-size-background=1048576"
    "memorysetup-job-temp-allocator-reduction-small-platforms=262144"
    "memorysetup-allocator-temp-initial-block-size-main=262144"
    "memorysetup-allocator-temp-initial-block-size-worker=262144"
    "memorysetup-temp-allocator-size-background-worker=32768"
    "memorysetup-temp-allocator-size-job-worker=262144"
    "memorysetup-temp-allocator-size-preload-manager=33554432"
    "memorysetup-temp-allocator-size-nav-mesh-worker=65536"
    "memorysetup-temp-allocator-size-audio-worker=65536"
    "memorysetup-temp-allocator-size-cloud-worker=32768"
    "memorysetup-temp-allocator-size-gi-baking-worker=262144"
    "memorysetup-temp-allocator-size-gi-baking-worker=262144"
    "memorysetup-temp-allocator-size-gi-baking-worker=262144"
    "memorysetup-temp-allocator-size-gi-baking-worker=262144"
    "memorysetup-temp-allocator-size-gi-baking-worker=262144"
    "memorysetup-temp-allocator-size-gfx=262144"
Player connection [12092]  Target information:

Player connection [12092]  * "[IP] 172.27.185.68 [Port] 0 [Flags] 2 [Guid] 2442179325 [EditorId] 2442179325 [Version] 1048832 [Id] WindowsEditor(7,L-CB346-21260) [Debug] 1 [PackageName] WindowsEditor [ProjectName] Editor" 

Player connection [12092] Host joined multi-casting on [225.0.0.222:54997]...
Player connection [12092] Host joined alternative multi-casting on [225.0.0.222:34997]...
JobSystem: Creating JobQueue using job-worker-count value 5
[Physics::Module] Initialized fallback backend.
[Physics::Module] Id: 0xdecafbad
Library Redirect Path: Library/
[Physics::Module] Selected backend.
[Physics::Module] Name: PhysX
[Physics::Module] Id: 0xf2b8ea05
[Physics::Module] SDK Version: 4.1.2
[Physics::Module] Integration Version: 1.0.0
[Physics::Module] Threading Mode: Multi-Threaded
Refreshing native plugins compatible for Editor in 187.45 ms, found 4 plugins.
Preloading 0 native plugins for Editor in 0.00 ms.
Initialize engine version: 6000.0.25f1 (4859ab7b5a49)
[Subsystems] Discovering subsystems at path C:/Program Files/Unity/Hub/Editor/6000.0.25f1/Editor/Data/Resources/UnitySubsystems
[Subsystems] Discovering subsystems at path C:/Users/548887/GrannyNorma/Assets
GfxDevice: creating device client; kGfxThreadingModeNonThreaded
Direct3D:
    Version:  Direct3D 11.0 [level 11.1]
    Renderer: NVIDIA GeForce GTX 1650 (ID=0x2188)
    Vendor:   NVIDIA
    VRAM:     3935 MB
    Driver:   32.0.15.6094
Initialize mono
Mono path[0] = 'C:/Program Files/Unity/Hub/Editor/6000.0.25f1/Editor/Data/Managed'
Mono path[1] = 'C:/Program Files/Unity/Hub/Editor/6000.0.25f1/Editor/Data/MonoBleedingEdge/lib/mono/unityjit-win32'
Mono config path = 'C:/Program Files/Unity/Hub/Editor/6000.0.25f1/Editor/Data/MonoBleedingEdge/etc'
Using monoOptions --debugger-agent=transport=dt_socket,embedding=1,server=y,suspend=n,address=127.0.0.1:56844
Begin MonoManager ReloadAssembly
Registering precompiled unity dll's ...
Register platform support module: C:/Program Files/Unity/Hub/Editor/6000.0.25f1/Editor/Data/PlaybackEngines/WebGLSupport/UnityEditor.WebGL.Extensions.dll
Register platform support module: C:/Program Files/Unity/Hub/Editor/6000.0.25f1/Editor/Data/PlaybackEngines/WindowsStandaloneSupport/UnityEditor.WindowsStandalone.Extensions.dll
Register platform support module: C:/Program Files/Unity/Hub/Editor/6000.0.25f1/Editor/Data/PlaybackEngines/AndroidPlayer/UnityEditor.Android.Extensions.dll
Registered in 0.691869 seconds.
- Loaded All Assemblies, in 10.946 seconds
Native extension for Android target not found
Android Extension - Scanning For ADB Devices 338 ms
Native extension for WindowsStandalone target not found
Native extension for WebGL target not found
Mono: successfully reloaded assembly
- Finished resetting the current domain, in  0.751 seconds
Domain Reload Profiling: 11693ms
	BeginReloadAssembly (7962ms)
		ExecutionOrderSort (0ms)
		DisableScriptedObjects (0ms)
		BackupInstance (0ms)
		ReleaseScriptingObjects (0ms)
		CreateAndSetChildDomain (1ms)
	RebuildCommonClasses (509ms)
	RebuildNativeTypeToScriptingClass (13ms)
	initialDomainReloadingComplete (750ms)
	LoadAllAssembliesAndSetupDomain (1707ms)
		LoadAssemblies (7960ms)
		RebuildTransferFunctionScriptingTraits (0ms)
		AnalyzeDomain (1701ms)
			TypeCache.Refresh (1699ms)
				TypeCache.ScanAssembly (1428ms)
			BuildScriptInfoCaches (0ms)
			ResolveRequiredComponents (0ms)
	FinalizeReload (752ms)
		ReleaseScriptCaches (0ms)
		RebuildScriptCaches (0ms)
		SetupLoadedEditorAssemblies (706ms)
			LogAssemblyErrors (0ms)
			InitializePlatformSupportModulesInManaged (453ms)
			SetLoadedEditorAssemblies (3ms)
			BeforeProcessingInitializeOnLoad (5ms)
			ProcessInitializeOnLoadAttributes (159ms)
			ProcessInitializeOnLoadMethodAttributes (81ms)
			AfterProcessingInitializeOnLoad (3ms)
			EditorAssembliesLoaded (0ms)
		ExecutionOrderSort2 (0ms)
		AwakeInstancesAfterBackupRestoration (0ms)
========================================================================
Worker process is ready to serve import requests
Import Worker Mode flag is 0x00
Begin MonoManager ReloadAssembly
- Loaded All Assemblies, in 11.772 seconds
Refreshing native plugins compatible for Editor in 2.24 ms, found 4 plugins.
Native extension for Android target not found
Native extension for WindowsStandalone target not found
Native extension for WebGL target not found
Mono: successfully reloaded assembly
- Finished resetting the current domain, in  1.536 seconds
Domain Reload Profiling: 13297ms
	BeginReloadAssembly (1634ms)
		ExecutionOrderSort (0ms)
		DisableScriptedObjects (6ms)
		BackupInstance (0ms)
		ReleaseScriptingObjects (0ms)
		CreateAndSetChildDomain (37ms)
	RebuildCommonClasses (38ms)
	RebuildNativeTypeToScriptingClass (13ms)
	initialDomainReloadingComplete (44ms)
	LoadAllAssembliesAndSetupDomain (10031ms)
		LoadAssemblies (9174ms)
		RebuildTransferFunctionScriptingTraits (0ms)
		AnalyzeDomain (970ms)
			TypeCache.Refresh (882ms)
				TypeCache.ScanAssembly (813ms)
			BuildScriptInfoCaches (74ms)
			ResolveRequiredComponents (11ms)
	FinalizeReload (1536ms)
		ReleaseScriptCaches (0ms)
		RebuildScriptCaches (0ms)
		SetupLoadedEditorAssemblies (939ms)
			LogAssemblyErrors (0ms)
			InitializePlatformSupportModulesInManaged (13ms)
			SetLoadedEditorAssemblies (3ms)
			BeforeProcessingInitializeOnLoad (84ms)
			ProcessInitializeOnLoadAttributes (677ms)
			ProcessInitializeOnLoadMethodAttributes (149ms)
			AfterProcessingInitializeOnLoad (13ms)
			EditorAssembliesLoaded (0ms)
		ExecutionOrderSort2 (0ms)
		AwakeInstancesAfterBackupRestoration (5ms)
Launched and connected shader compiler UnityShaderCompiler.exe after 0.04 seconds
Refreshing native plugins compatible for Editor in 2.33 ms, found 4 plugins.
Preloading 0 native plugins for Editor in 0.00 ms.
Unloading 220 Unused Serialized files (Serialized files now loaded: 0)
Unloading 6537 unused Assets / (4.7 MB). Loaded Objects now: 7335.
Memory consumption went from 204.3 MB to 199.6 MB.
Total: 9.848900 ms (FindLiveObjects: 0.942400 ms CreateObjectMapping: 0.320000 ms MarkObjects: 5.611900 ms  DeleteObjects: 2.972300 ms)

========================================================================
Received Import Request.
  Time since last request: 9793.314043 seconds.
  path: Assets/ArtAssets/settingstitlescreen.png
  artifactKey: Guid(d840ff0f8f7958547b2981bc5a9aee6d) Importer(815301076,1909f56bfc062723c751e8b465ee728b)
Start importing Assets/ArtAssets/settingstitlescreen.png using Guid(d840ff0f8f7958547b2981bc5a9aee6d) Importer(815301076,1909f56bfc062723c751e8b465ee728b) (PreviewImporter) -> (artifact id: 'a0742ba513552f32b450222bd5680af0') in 0.1028897 seconds
Number of updated asset objects reloaded before import = 0Number of asset objects unloaded after import = 3

========================================================================
Received Prepare
Refreshing native plugins compatible for Editor in 3.45 ms, found 4 plugins.
Preloading 0 native plugins for Editor in 0.00 ms.
Unloading 13 Unused Serialized files (Serialized files now loaded: 0)
Unloading 6525 unused Assets / (4.9 MB). Loaded Objects now: 7345.
Memory consumption went from 167.5 MB to 162.7 MB.
Total: 74.233100 ms (FindLiveObjects: 1.936700 ms CreateObjectMapping: 0.437100 ms MarkObjects: 67.425300 ms  DeleteObjects: 4.432000 ms)

Prepare: number of updated asset objects reloaded= 0
========================================================================
Received Import Request.
  Time since last request: 7169.322207 seconds.
  path: Assets/Scripts/SceneLoads/LoadSceneButton.cs
  artifactKey: Guid(efd3853806597ea44a9cf14393b47492) Importer(815301076,1909f56bfc062723c751e8b465ee728b)
Start importing Assets/Scripts/SceneLoads/LoadSceneButton.cs using Guid(efd3853806597ea44a9cf14393b47492) Importer(815301076,1909f56bfc062723c751e8b465ee728b) (PreviewImporter) -> (artifact id: '3694ab311e715c43b9d1cf0eaad97e02') in 0.0574765 seconds
Number of updated asset objects reloaded before import = 0Number of asset objects unloaded after import = 0

========================================================================
Received Prepare
Begin MonoManager ReloadAssembly
- Loaded All Assemblies, in  3.296 seconds
Refreshing native plugins compatible for Editor in 2.04 ms, found 4 plugins.
Native extension for Android target not found
Native extension for WindowsStandalone target not found
Native extension for WebGL target not found
Mono: successfully reloaded assembly
- Finished resetting the current domain, in  1.406 seconds
Domain Reload Profiling: 4696ms
	BeginReloadAssembly (657ms)
		ExecutionOrderSort (0ms)
		DisableScriptedObjects (38ms)
		BackupInstance (0ms)
		ReleaseScriptingObjects (0ms)
		CreateAndSetChildDomain (153ms)
	RebuildCommonClasses (186ms)
	RebuildNativeTypeToScriptingClass (14ms)
	initialDomainReloadingComplete (44ms)
	LoadAllAssembliesAndSetupDomain (2389ms)
		LoadAssemblies (2526ms)
		RebuildTransferFunctionScriptingTraits (0ms)
		AnalyzeDomain (253ms)
			TypeCache.Refresh (17ms)
				TypeCache.ScanAssembly (1ms)
			BuildScriptInfoCaches (215ms)
			ResolveRequiredComponents (14ms)
	FinalizeReload (1407ms)
		ReleaseScriptCaches (0ms)
		RebuildScriptCaches (0ms)
		SetupLoadedEditorAssemblies (794ms)
			LogAssemblyErrors (0ms)
			InitializePlatformSupportModulesInManaged (14ms)
			SetLoadedEditorAssemblies (5ms)
			BeforeProcessingInitializeOnLoad (97ms)
			ProcessInitializeOnLoadAttributes (606ms)
			ProcessInitializeOnLoadMethodAttributes (59ms)
			AfterProcessingInitializeOnLoad (14ms)
			EditorAssembliesLoaded (0ms)
		ExecutionOrderSort2 (0ms)
		AwakeInstancesAfterBackupRestoration (11ms)
Refreshing native plugins compatible for Editor in 2.57 ms, found 4 plugins.
Preloading 0 native plugins for Editor in 0.00 ms.
Unloading 13 Unused Serialized files (Serialized files now loaded: 0)
Unloading 6536 unused Assets / (4.3 MB). Loaded Objects now: 7347.
Memory consumption went from 170.4 MB to 166.1 MB.
Total: 10.216800 ms (FindLiveObjects: 1.056200 ms CreateObjectMapping: 0.395700 ms MarkObjects: 5.780800 ms  DeleteObjects: 2.982600 ms)

Prepare: number of updated asset objects reloaded= 0
========================================================================
Received Prepare
Refreshing native plugins compatible for Editor in 4.80 ms, found 4 plugins.
Preloading 0 native plugins for Editor in 0.00 ms.
Unloading 13 Unused Serialized files (Serialized files now loaded: 0)
Unloading 6525 unused Assets / (3.7 MB). Loaded Objects now: 7347.
Memory consumption went from 170.6 MB to 166.9 MB.
Total: 16.433900 ms (FindLiveObjects: 1.144100 ms CreateObjectMapping: 1.380000 ms MarkObjects: 9.672300 ms  DeleteObjects: 4.235600 ms)

Prepare: number of updated asset objects reloaded= 0
========================================================================
Received Import Request.
  Time since last request: 118.172590 seconds.
  path: Assets/Scripts/SceneLoads/LoadSceneButton.cs
  artifactKey: Guid(efd3853806597ea44a9cf14393b47492) Importer(815301076,1909f56bfc062723c751e8b465ee728b)
Start importing Assets/Scripts/SceneLoads/LoadSceneButton.cs using Guid(efd3853806597ea44a9cf14393b47492) Importer(815301076,1909f56bfc062723c751e8b465ee728b) (PreviewImporter) -> (artifact id: 'badb39d26416d69e03b165110ccb6579') in 0.0166314 seconds
Number of updated asset objects reloaded before import = 0Number of asset objects unloaded after import = 0

========================================================================
Received Prepare
Begin MonoManager ReloadAssembly
- Loaded All Assemblies, in  0.922 seconds
Refreshing native plugins compatible for Editor in 2.53 ms, found 4 plugins.
Native extension for Android target not found
Native extension for WindowsStandalone target not found
Native extension for WebGL target not found
Mono: successfully reloaded assembly
- Finished resetting the current domain, in  1.160 seconds
Domain Reload Profiling: 2077ms
	BeginReloadAssembly (238ms)
		ExecutionOrderSort (0ms)
		DisableScriptedObjects (14ms)
		BackupInstance (0ms)
		ReleaseScriptingObjects (0ms)
		CreateAndSetChildDomain (59ms)
	RebuildCommonClasses (40ms)
	RebuildNativeTypeToScriptingClass (16ms)
	initialDomainReloadingComplete (37ms)
	LoadAllAssembliesAndSetupDomain (586ms)
		LoadAssemblies (448ms)
		RebuildTransferFunctionScriptingTraits (0ms)
		AnalyzeDomain (250ms)
			TypeCache.Refresh (10ms)
				TypeCache.ScanAssembly (0ms)
			BuildScriptInfoCaches (225ms)
			ResolveRequiredComponents (11ms)
	FinalizeReload (1160ms)
		ReleaseScriptCaches (0ms)
		RebuildScriptCaches (0ms)
		SetupLoadedEditorAssemblies (835ms)
			LogAssemblyErrors (0ms)
			InitializePlatformSupportModulesInManaged (15ms)
			SetLoadedEditorAssemblies (4ms)
			BeforeProcessingInitializeOnLoad (102ms)
			ProcessInitializeOnLoadAttributes (631ms)
			ProcessInitializeOnLoadMethodAttributes (67ms)
			AfterProcessingInitializeOnLoad (15ms)
			EditorAssembliesLoaded (0ms)
		ExecutionOrderSort2 (0ms)
		AwakeInstancesAfterBackupRestoration (12ms)
Refreshing native plugins compatible for Editor in 2.33 ms, found 4 plugins.
Preloading 0 native plugins for Editor in 0.00 ms.
Unloading 13 Unused Serialized files (Serialized files now loaded: 0)
Unloading 6536 unused Assets / (3.8 MB). Loaded Objects now: 7349.
Memory consumption went from 170.4 MB to 166.6 MB.
Total: 11.078800 ms (FindLiveObjects: 1.426800 ms CreateObjectMapping: 0.516400 ms MarkObjects: 6.280800 ms  DeleteObjects: 2.853400 ms)

Prepare: number of updated asset objects reloaded= 0
========================================================================
Received Prepare
Refreshing native plugins compatible for Editor in 3.00 ms, found 4 plugins.
Preloading 0 native plugins for Editor in 0.00 ms.
Unloading 13 Unused Serialized files (Serialized files now loaded: 0)
Unloading 6526 unused Assets / (4.0 MB). Loaded Objects now: 7350.
Memory consumption went from 170.6 MB to 166.6 MB.
Total: 16.586200 ms (FindLiveObjects: 1.501100 ms CreateObjectMapping: 1.011000 ms MarkObjects: 9.988000 ms  DeleteObjects: 4.084100 ms)

Prepare: number of updated asset objects reloaded= 0
========================================================================
Received Import Request.
  Time since last request: 1359.383247 seconds.
  path: Assets/Scripts/Player/Collectables.cs
  artifactKey: Guid(eb675ef8efbfdcc42b905f69722b2ebf) Importer(815301076,1909f56bfc062723c751e8b465ee728b)
Start importing Assets/Scripts/Player/Collectables.cs using Guid(eb675ef8efbfdcc42b905f69722b2ebf) Importer(815301076,1909f56bfc062723c751e8b465ee728b) (PreviewImporter) -> (artifact id: '050a8a1c92f99ed44f2a1930ccba35d9') in 0.0172812 seconds
Number of updated asset objects reloaded before import = 0Number of asset objects unloaded after import = 0

========================================================================
Received Prepare
Refreshing native plugins compatible for Editor in 3.85 ms, found 4 plugins.
Preloading 0 native plugins for Editor in 0.00 ms.
Unloading 13 Unused Serialized files (Serialized files now loaded: 0)
Unloading 6526 unused Assets / (3.7 MB). Loaded Objects now: 7350.
Memory consumption went from 170.6 MB to 166.9 MB.
Total: 16.617400 ms (FindLiveObjects: 1.687100 ms CreateObjectMapping: 0.839100 ms MarkObjects: 10.018400 ms  DeleteObjects: 4.070700 ms)

Prepare: number of updated asset objects reloaded= 0
========================================================================
Received Import Request.
  Time since last request: 6.998088 seconds.
  path: Assets/Scripts/Player/Collectables.cs
  artifactKey: Guid(eb675ef8efbfdcc42b905f69722b2ebf) Importer(815301076,1909f56bfc062723c751e8b465ee728b)
Start importing Assets/Scripts/Player/Collectables.cs using Guid(eb675ef8efbfdcc42b905f69722b2ebf) Importer(815301076,1909f56bfc062723c751e8b465ee728b) (PreviewImporter) -> (artifact id: '0ceea746a492f0db73bddff872a064b2') in 0.0073594 seconds
Number of updated asset objects reloaded before import = 0Number of asset objects unloaded after import = 0

========================================================================
Received Prepare
Refreshing native plugins compatible for Editor in 3.26 ms, found 4 plugins.
Preloading 0 native plugins for Editor in 0.00 ms.
Unloading 13 Unused Serialized files (Serialized files now loaded: 0)
Unloading 6526 unused Assets / (4.4 MB). Loaded Objects now: 7350.
Memory consumption went from 170.6 MB to 166.1 MB.
Total: 16.218700 ms (FindLiveObjects: 1.599400 ms CreateObjectMapping: 1.408900 ms MarkObjects: 8.888400 ms  DeleteObjects: 4.320400 ms)

Prepare: number of updated asset objects reloaded= 0
========================================================================
Received Import Request.
  Time since last request: 60.262972 seconds.
  path: Assets/Scripts/Player/Collectables.cs
  artifactKey: Guid(eb675ef8efbfdcc42b905f69722b2ebf) Importer(815301076,1909f56bfc062723c751e8b465ee728b)
Start importing Assets/Scripts/Player/Collectables.cs using Guid(eb675ef8efbfdcc42b905f69722b2ebf) Importer(815301076,1909f56bfc062723c751e8b465ee728b) (PreviewImporter) -> (artifact id: '0ceea746a492f0db73bddff872a064b2') in 0.0071615 seconds
Number of updated asset objects reloaded before import = 0Number of asset objects unloaded after import = 0

========================================================================
Received Prepare
Refreshing native plugins compatible for Editor in 4.24 ms, found 4 plugins.
Preloading 0 native plugins for Editor in 0.00 ms.
Unloading 13 Unused Serialized files (Serialized files now loaded: 0)
Unloading 6526 unused Assets / (3.8 MB). Loaded Objects now: 7350.
Memory consumption went from 170.6 MB to 166.7 MB.
Total: 16.206600 ms (FindLiveObjects: 1.566400 ms CreateObjectMapping: 0.735600 ms MarkObjects: 10.269300 ms  DeleteObjects: 3.633200 ms)

Prepare: number of updated asset objects reloaded= 0
========================================================================
Received Import Request.
  Time since last request: 148.317900 seconds.
  path: Assets/Scripts/Player/CollectibleObject.cs
  artifactKey: Guid(eb675ef8efbfdcc42b905f69722b2ebf) Importer(815301076,1909f56bfc062723c751e8b465ee728b)
Start importing Assets/Scripts/Player/CollectibleObject.cs using Guid(eb675ef8efbfdcc42b905f69722b2ebf) Importer(815301076,1909f56bfc062723c751e8b465ee728b) (PreviewImporter) -> (artifact id: '75440e6616cabf50bec40c4ec21183ed') in 0.0112368 seconds
Number of updated asset objects reloaded before import = 0Number of asset objects unloaded after import = 0

========================================================================
Received Prepare
Refreshing native plugins compatible for Editor in 3.95 ms, found 4 plugins.
Preloading 0 native plugins for Editor in 0.00 ms.
Unloading 13 Unused Serialized files (Serialized files now loaded: 0)
Unloading 6526 unused Assets / (4.2 MB). Loaded Objects now: 7350.
Memory consumption went from 170.6 MB to 166.4 MB.
Total: 14.039800 ms (FindLiveObjects: 1.316400 ms CreateObjectMapping: 1.094800 ms MarkObjects: 7.665200 ms  DeleteObjects: 3.961800 ms)

Prepare: number of updated asset objects reloaded= 0
========================================================================
Received Import Request.
  Time since last request: 133.915916 seconds.
  path: Assets/Scripts/Player/CollectibleObject.cs
  artifactKey: Guid(eb675ef8efbfdcc42b905f69722b2ebf) Importer(815301076,1909f56bfc062723c751e8b465ee728b)
Start importing Assets/Scripts/Player/CollectibleObject.cs using Guid(eb675ef8efbfdcc42b905f69722b2ebf) Importer(815301076,1909f56bfc062723c751e8b465ee728b) (PreviewImporter) -> (artifact id: '75440e6616cabf50bec40c4ec21183ed') in 0.0073721 seconds
Number of updated asset objects reloaded before import = 0Number of asset objects unloaded after import = 0

========================================================================
Received Prepare
Refreshing native plugins compatible for Editor in 3.12 ms, found 4 plugins.
Preloading 0 native plugins for Editor in 0.00 ms.
Unloading 13 Unused Serialized files (Serialized files now loaded: 0)
Unloading 6526 unused Assets / (3.9 MB). Loaded Objects now: 7350.
Memory consumption went from 170.6 MB to 166.7 MB.
Total: 12.657400 ms (FindLiveObjects: 1.163500 ms CreateObjectMapping: 0.897200 ms MarkObjects: 7.817700 ms  DeleteObjects: 2.777600 ms)

Prepare: number of updated asset objects reloaded= 0
========================================================================
Received Import Request.
  Time since last request: 7.150878 seconds.
  path: Assets/Scripts/Player/CollectibleObject.cs
  artifactKey: Guid(eb675ef8efbfdcc42b905f69722b2ebf) Importer(815301076,1909f56bfc062723c751e8b465ee728b)
Start importing Assets/Scripts/Player/CollectibleObject.cs using Guid(eb675ef8efbfdcc42b905f69722b2ebf) Importer(815301076,1909f56bfc062723c751e8b465ee728b) (PreviewImporter) -> (artifact id: '75440e6616cabf50bec40c4ec21183ed') in 0.0059912 seconds
Number of updated asset objects reloaded before import = 0Number of asset objects unloaded after import = 0

========================================================================
Received Prepare
Refreshing native plugins compatible for Editor in 3.76 ms, found 4 plugins.
Preloading 0 native plugins for Editor in 0.00 ms.
Unloading 13 Unused Serialized files (Serialized files now loaded: 0)
Unloading 6526 unused Assets / (3.9 MB). Loaded Objects now: 7350.
Memory consumption went from 170.6 MB to 166.6 MB.
Total: 18.519400 ms (FindLiveObjects: 1.593800 ms CreateObjectMapping: 2.193300 ms MarkObjects: 9.594000 ms  DeleteObjects: 5.136500 ms)

Prepare: number of updated asset objects reloaded= 0
========================================================================
Received Import Request.
  Time since last request: 111.438254 seconds.
  path: Assets/Scripts/Player/CollectibleObject.cs
  artifactKey: Guid(eb675ef8efbfdcc42b905f69722b2ebf) Importer(815301076,1909f56bfc062723c751e8b465ee728b)
Start importing Assets/Scripts/Player/CollectibleObject.cs using Guid(eb675ef8efbfdcc42b905f69722b2ebf) Importer(815301076,1909f56bfc062723c751e8b465ee728b) (PreviewImporter) -> (artifact id: '75440e6616cabf50bec40c4ec21183ed') in 0.0075347 seconds
Number of updated asset objects reloaded before import = 0Number of asset objects unloaded after import = 0

========================================================================
Received Prepare
Refreshing native plugins compatible for Editor in 3.71 ms, found 4 plugins.
Preloading 0 native plugins for Editor in 0.00 ms.
Unloading 13 Unused Serialized files (Serialized files now loaded: 0)
Unloading 6526 unused Assets / (3.8 MB). Loaded Objects now: 7350.
Memory consumption went from 170.6 MB to 166.7 MB.
Total: 13.749900 ms (FindLiveObjects: 1.075700 ms CreateObjectMapping: 0.368000 ms MarkObjects: 9.327700 ms  DeleteObjects: 2.976900 ms)

Prepare: number of updated asset objects reloaded= 0
========================================================================
Received Prepare
Refreshing native plugins compatible for Editor in 3.68 ms, found 4 plugins.
Preloading 0 native plugins for Editor in 0.00 ms.
Unloading 13 Unused Serialized files (Serialized files now loaded: 0)
Unloading 6526 unused Assets / (3.9 MB). Loaded Objects now: 7350.
Memory consumption went from 170.6 MB to 166.7 MB.
Total: 15.518100 ms (FindLiveObjects: 1.619900 ms CreateObjectMapping: 1.129000 ms MarkObjects: 9.587100 ms  DeleteObjects: 3.179800 ms)

Prepare: number of updated asset objects reloaded= 0
========================================================================
Received Import Request.
  Time since last request: 120.242309 seconds.
  path: Assets/Scripts/Player/CollectibleObject.cs
  artifactKey: Guid(eb675ef8efbfdcc42b905f69722b2ebf) Importer(815301076,1909f56bfc062723c751e8b465ee728b)
Start importing Assets/Scripts/Player/CollectibleObject.cs using Guid(eb675ef8efbfdcc42b905f69722b2ebf) Importer(815301076,1909f56bfc062723c751e8b465ee728b) (PreviewImporter) -> (artifact id: '75440e6616cabf50bec40c4ec21183ed') in 0.015156 seconds
Number of updated asset objects reloaded before import = 0Number of asset objects unloaded after import = 0

========================================================================
Received Prepare
Begin MonoManager ReloadAssembly
- Loaded All Assemblies, in  3.255 seconds
Refreshing native plugins compatible for Editor in 2.40 ms, found 4 plugins.
Native extension for Android target not found
Native extension for WindowsStandalone target not found
Native extension for WebGL target not found
Mono: successfully reloaded assembly
- Finished resetting the current domain, in  1.334 seconds
Domain Reload Profiling: 4580ms
	BeginReloadAssembly (465ms)
		ExecutionOrderSort (0ms)
		DisableScriptedObjects (15ms)
		BackupInstance (0ms)
		ReleaseScriptingObjects (0ms)
		CreateAndSetChildDomain (69ms)
	RebuildCommonClasses (139ms)
	RebuildNativeTypeToScriptingClass (15ms)
	initialDomainReloadingComplete (47ms)
	LoadAllAssembliesAndSetupDomain (2580ms)
		LoadAssemblies (2657ms)
		RebuildTransferFunctionScriptingTraits (0ms)
		AnalyzeDomain (252ms)
			TypeCache.Refresh (12ms)
				TypeCache.ScanAssembly (1ms)
			BuildScriptInfoCaches (224ms)
			ResolveRequiredComponents (12ms)
	FinalizeReload (1335ms)
		ReleaseScriptCaches (0ms)
		RebuildScriptCaches (0ms)
		SetupLoadedEditorAssemblies (856ms)
			LogAssemblyErrors (0ms)
			InitializePlatformSupportModulesInManaged (16ms)
			SetLoadedEditorAssemblies (6ms)
			BeforeProcessingInitializeOnLoad (114ms)
			ProcessInitializeOnLoadAttributes (642ms)
			ProcessInitializeOnLoadMethodAttributes (61ms)
			AfterProcessingInitializeOnLoad (17ms)
			EditorAssembliesLoaded (0ms)
		ExecutionOrderSort2 (0ms)
		AwakeInstancesAfterBackupRestoration (12ms)
Refreshing native plugins compatible for Editor in 2.39 ms, found 4 plugins.
Preloading 0 native plugins for Editor in 0.00 ms.
Unloading 13 Unused Serialized files (Serialized files now loaded: 0)
Unloading 6537 unused Assets / (4.1 MB). Loaded Objects now: 7352.
Memory consumption went from 170.4 MB to 166.3 MB.
Total: 11.472800 ms (FindLiveObjects: 1.020000 ms CreateObjectMapping: 0.429200 ms MarkObjects: 7.251300 ms  DeleteObjects: 2.770800 ms)

Prepare: number of updated asset objects reloaded= 0
========================================================================
Received Import Request.
  Time since last request: 19.873953 seconds.
  path: Assets/Scripts/Player/CollectibleObject.cs
  artifactKey: Guid(eb675ef8efbfdcc42b905f69722b2ebf) Importer(815301076,1909f56bfc062723c751e8b465ee728b)
Start importing Assets/Scripts/Player/CollectibleObject.cs using Guid(eb675ef8efbfdcc42b905f69722b2ebf) Importer(815301076,1909f56bfc062723c751e8b465ee728b) (PreviewImporter) -> (artifact id: 'b3f6f81002483e2d95f5a1bc8146dcf0') in 0.0058692 seconds
Number of updated asset objects reloaded before import = 0Number of asset objects unloaded after import = 0

========================================================================
Received Prepare
Refreshing native plugins compatible for Editor in 3.84 ms, found 4 plugins.
Preloading 0 native plugins for Editor in 0.00 ms.
Unloading 13 Unused Serialized files (Serialized files now loaded: 0)
Unloading 6526 unused Assets / (4.7 MB). Loaded Objects now: 7352.
Memory consumption went from 170.6 MB to 165.8 MB.
Total: 17.466900 ms (FindLiveObjects: 1.564200 ms CreateObjectMapping: 1.440600 ms MarkObjects: 8.522700 ms  DeleteObjects: 5.937600 ms)

Prepare: number of updated asset objects reloaded= 0
========================================================================
Received Prepare
Begin MonoManager ReloadAssembly
- Loaded All Assemblies, in  0.914 seconds
Refreshing native plugins compatible for Editor in 2.19 ms, found 4 plugins.
Native extension for Android target not found
Native extension for WindowsStandalone target not found
Native extension for WebGL target not found
Mono: successfully reloaded assembly
- Finished resetting the current domain, in  1.049 seconds
Domain Reload Profiling: 1957ms
	BeginReloadAssembly (247ms)
		ExecutionOrderSort (0ms)
		DisableScriptedObjects (15ms)
		BackupInstance (0ms)
		ReleaseScriptingObjects (0ms)
		CreateAndSetChildDomain (63ms)
	RebuildCommonClasses (38ms)
	RebuildNativeTypeToScriptingClass (14ms)
	initialDomainReloadingComplete (36ms)
	LoadAllAssembliesAndSetupDomain (572ms)
		LoadAssemblies (453ms)
		RebuildTransferFunctionScriptingTraits (0ms)
		AnalyzeDomain (235ms)
			TypeCache.Refresh (12ms)
				TypeCache.ScanAssembly (1ms)
			BuildScriptInfoCaches (207ms)
			ResolveRequiredComponents (12ms)
	FinalizeReload (1050ms)
		ReleaseScriptCaches (0ms)
		RebuildScriptCaches (0ms)
		SetupLoadedEditorAssemblies (744ms)
			LogAssemblyErrors (0ms)
			InitializePlatformSupportModulesInManaged (14ms)
			SetLoadedEditorAssemblies (3ms)
			BeforeProcessingInitializeOnLoad (92ms)
			ProcessInitializeOnLoadAttributes (562ms)
			ProcessInitializeOnLoadMethodAttributes (59ms)
			AfterProcessingInitializeOnLoad (13ms)
			EditorAssembliesLoaded (0ms)
		ExecutionOrderSort2 (0ms)
		AwakeInstancesAfterBackupRestoration (13ms)
Refreshing native plugins compatible for Editor in 2.59 ms, found 4 plugins.
Preloading 0 native plugins for Editor in 0.00 ms.
Unloading 13 Unused Serialized files (Serialized files now loaded: 0)
Unloading 6537 unused Assets / (4.1 MB). Loaded Objects now: 7354.
Memory consumption went from 170.4 MB to 166.3 MB.
Total: 11.231000 ms (FindLiveObjects: 1.052900 ms CreateObjectMapping: 0.406200 ms MarkObjects: 7.084400 ms  DeleteObjects: 2.686200 ms)

Prepare: number of updated asset objects reloaded= 0
========================================================================
Received Prepare
Begin MonoManager ReloadAssembly
- Loaded All Assemblies, in  3.022 seconds
Refreshing native plugins compatible for Editor in 2.04 ms, found 4 plugins.
Native extension for Android target not found
Native extension for WindowsStandalone target not found
Native extension for WebGL target not found
Mono: successfully reloaded assembly
- Finished resetting the current domain, in  1.255 seconds
Domain Reload Profiling: 4269ms
	BeginReloadAssembly (467ms)
		ExecutionOrderSort (0ms)
		DisableScriptedObjects (14ms)
		BackupInstance (0ms)
		ReleaseScriptingObjects (0ms)
		CreateAndSetChildDomain (61ms)
	RebuildCommonClasses (162ms)
	RebuildNativeTypeToScriptingClass (16ms)
	initialDomainReloadingComplete (41ms)
	LoadAllAssembliesAndSetupDomain (2327ms)
		LoadAssemblies (2433ms)
		RebuildTransferFunctionScriptingTraits (0ms)
		AnalyzeDomain (232ms)
			TypeCache.Refresh (11ms)
				TypeCache.ScanAssembly (0ms)
			BuildScriptInfoCaches (207ms)
			ResolveRequiredComponents (11ms)
	FinalizeReload (1256ms)
		ReleaseScriptCaches (0ms)
		RebuildScriptCaches (0ms)
		SetupLoadedEditorAssemblies (796ms)
			LogAssemblyErrors (0ms)
			InitializePlatformSupportModulesInManaged (14ms)
			SetLoadedEditorAssemblies (4ms)
			BeforeProcessingInitializeOnLoad (95ms)
			ProcessInitializeOnLoadAttributes (603ms)
			ProcessInitializeOnLoadMethodAttributes (65ms)
			AfterProcessingInitializeOnLoad (15ms)
			EditorAssembliesLoaded (0ms)
		ExecutionOrderSort2 (0ms)
		AwakeInstancesAfterBackupRestoration (12ms)
Refreshing native plugins compatible for Editor in 2.88 ms, found 4 plugins.
Preloading 0 native plugins for Editor in 0.00 ms.
Unloading 13 Unused Serialized files (Serialized files now loaded: 0)
Unloading 6537 unused Assets / (4.2 MB). Loaded Objects now: 7356.
Memory consumption went from 170.4 MB to 166.2 MB.
Total: 11.608100 ms (FindLiveObjects: 1.043900 ms CreateObjectMapping: 0.338800 ms MarkObjects: 7.182600 ms  DeleteObjects: 3.041000 ms)

Prepare: number of updated asset objects reloaded= 0
========================================================================
Received Prepare
Refreshing native plugins compatible for Editor in 2.77 ms, found 4 plugins.
Preloading 0 native plugins for Editor in 0.00 ms.
Unloading 13 Unused Serialized files (Serialized files now loaded: 0)
Unloading 6527 unused Assets / (4.0 MB). Loaded Objects now: 7357.
Memory consumption went from 170.5 MB to 166.5 MB.
Total: 10.437000 ms (FindLiveObjects: 1.112500 ms CreateObjectMapping: 0.416900 ms MarkObjects: 6.147700 ms  DeleteObjects: 2.759000 ms)

Prepare: number of updated asset objects reloaded= 0
========================================================================
Received Prepare
Begin MonoManager ReloadAssembly
- Loaded All Assemblies, in  0.889 seconds
Refreshing native plugins compatible for Editor in 2.30 ms, found 4 plugins.
Native extension for Android target not found
Native extension for WindowsStandalone target not found
Native extension for WebGL target not found
Mono: successfully reloaded assembly
- Finished resetting the current domain, in  1.173 seconds
Domain Reload Profiling: 2055ms
	BeginReloadAssembly (241ms)
		ExecutionOrderSort (0ms)
		DisableScriptedObjects (16ms)
		BackupInstance (0ms)
		ReleaseScriptingObjects (0ms)
		CreateAndSetChildDomain (58ms)
	RebuildCommonClasses (39ms)
	RebuildNativeTypeToScriptingClass (14ms)
	initialDomainReloadingComplete (36ms)
	LoadAllAssembliesAndSetupDomain (552ms)
		LoadAssemblies (429ms)
		RebuildTransferFunctionScriptingTraits (0ms)
		AnalyzeDomain (234ms)
			TypeCache.Refresh (11ms)
				TypeCache.ScanAssembly (0ms)
			BuildScriptInfoCaches (207ms)
			ResolveRequiredComponents (12ms)
	FinalizeReload (1173ms)
		ReleaseScriptCaches (0ms)
		RebuildScriptCaches (0ms)
		SetupLoadedEditorAssemblies (849ms)
			LogAssemblyErrors (0ms)
			InitializePlatformSupportModulesInManaged (14ms)
			SetLoadedEditorAssemblies (4ms)
			BeforeProcessingInitializeOnLoad (105ms)
			ProcessInitializeOnLoadAttributes (643ms)
			ProcessInitializeOnLoadMethodAttributes (67ms)
			AfterProcessingInitializeOnLoad (15ms)
			EditorAssembliesLoaded (0ms)
		ExecutionOrderSort2 (0ms)
		AwakeInstancesAfterBackupRestoration (12ms)
Refreshing native plugins compatible for Editor in 2.32 ms, found 4 plugins.
Preloading 0 native plugins for Editor in 0.00 ms.
Unloading 13 Unused Serialized files (Serialized files now loaded: 0)
Unloading 6538 unused Assets / (4.3 MB). Loaded Objects now: 7359.
Memory consumption went from 170.4 MB to 166.1 MB.
Total: 12.575300 ms (FindLiveObjects: 1.367700 ms CreateObjectMapping: 0.967300 ms MarkObjects: 7.166300 ms  DeleteObjects: 3.072400 ms)

Prepare: number of updated asset objects reloaded= 0
========================================================================
Received Prepare
Refreshing native plugins compatible for Editor in 3.65 ms, found 4 plugins.
Preloading 0 native plugins for Editor in 0.00 ms.
Unloading 13 Unused Serialized files (Serialized files now loaded: 0)
Unloading 6527 unused Assets / (4.3 MB). Loaded Objects now: 7359.
Memory consumption went from 170.6 MB to 166.3 MB.
Total: 16.274400 ms (FindLiveObjects: 1.135600 ms CreateObjectMapping: 0.527900 ms MarkObjects: 10.451000 ms  DeleteObjects: 4.158200 ms)

Prepare: number of updated asset objects reloaded= 0
========================================================================
Received Import Request.
  Time since last request: 516.226177 seconds.
  path: Assets/Scripts/Player/Collectibles/CollectibleUI.cs
  artifactKey: Guid(ef908462b9b560448bcb1fb1032d5342) Importer(815301076,1909f56bfc062723c751e8b465ee728b)
Start importing Assets/Scripts/Player/Collectibles/CollectibleUI.cs using Guid(ef908462b9b560448bcb1fb1032d5342) Importer(815301076,1909f56bfc062723c751e8b465ee728b) (PreviewImporter) -> (artifact id: '3f1b86e4c77832458eb018b9954476d8') in 0.0487309 seconds
Number of updated asset objects reloaded before import = 0Number of asset objects unloaded after import = 0

========================================================================
Received Prepare
Begin MonoManager ReloadAssembly
- Loaded All Assemblies, in  0.913 seconds
Refreshing native plugins compatible for Editor in 2.14 ms, found 4 plugins.
Native extension for Android target not found
Native extension for WindowsStandalone target not found
Native extension for WebGL target not found
Mono: successfully reloaded assembly
- Finished resetting the current domain, in  1.216 seconds
Domain Reload Profiling: 2125ms
	BeginReloadAssembly (249ms)
		ExecutionOrderSort (0ms)
		DisableScriptedObjects (14ms)
		BackupInstance (0ms)
		ReleaseScriptingObjects (0ms)
		CreateAndSetChildDomain (64ms)
	RebuildCommonClasses (42ms)
	RebuildNativeTypeToScriptingClass (14ms)
	initialDomainReloadingComplete (34ms)
	LoadAllAssembliesAndSetupDomain (568ms)
		LoadAssemblies (444ms)
		RebuildTransferFunctionScriptingTraits (0ms)
		AnalyzeDomain (240ms)
			TypeCache.Refresh (10ms)
				TypeCache.ScanAssembly (0ms)
			BuildScriptInfoCaches (215ms)
			ResolveRequiredComponents (12ms)
	FinalizeReload (1217ms)
		ReleaseScriptCaches (0ms)
		RebuildScriptCaches (0ms)
		SetupLoadedEditorAssemblies (871ms)
			LogAssemblyErrors (0ms)
			InitializePlatformSupportModulesInManaged (16ms)
			SetLoadedEditorAssemblies (4ms)
			BeforeProcessingInitializeOnLoad (107ms)
			ProcessInitializeOnLoadAttributes (658ms)
			ProcessInitializeOnLoadMethodAttributes (69ms)
			AfterProcessingInitializeOnLoad (17ms)
			EditorAssembliesLoaded (0ms)
		ExecutionOrderSort2 (0ms)
		AwakeInstancesAfterBackupRestoration (11ms)
Refreshing native plugins compatible for Editor in 2.60 ms, found 4 plugins.
Preloading 0 native plugins for Editor in 0.00 ms.
Unloading 13 Unused Serialized files (Serialized files now loaded: 0)
Unloading 6538 unused Assets / (4.6 MB). Loaded Objects now: 7361.
Memory consumption went from 170.4 MB to 165.9 MB.
Total: 11.356100 ms (FindLiveObjects: 1.305100 ms CreateObjectMapping: 0.756000 ms MarkObjects: 5.933200 ms  DeleteObjects: 3.360700 ms)

Prepare: number of updated asset objects reloaded= 0
========================================================================
Received Prepare
Refreshing native plugins compatible for Editor in 2.78 ms, found 4 plugins.
Preloading 0 native plugins for Editor in 0.00 ms.
Unloading 13 Unused Serialized files (Serialized files now loaded: 0)
Unloading 6527 unused Assets / (4.7 MB). Loaded Objects now: 7361.
Memory consumption went from 170.6 MB to 165.9 MB.
Total: 11.332200 ms (FindLiveObjects: 1.023200 ms CreateObjectMapping: 0.355600 ms MarkObjects: 6.437900 ms  DeleteObjects: 3.513700 ms)

Prepare: number of updated asset objects reloaded= 0
========================================================================
Received Prepare
Begin MonoManager ReloadAssembly
- Loaded All Assemblies, in  0.929 seconds
Refreshing native plugins compatible for Editor in 2.28 ms, found 4 plugins.
Native extension for Android target not found
Native extension for WindowsStandalone target not found
Native extension for WebGL target not found
Mono: successfully reloaded assembly
- Finished resetting the current domain, in  1.146 seconds
Domain Reload Profiling: 2069ms
	BeginReloadAssembly (254ms)
		ExecutionOrderSort (0ms)
		DisableScriptedObjects (17ms)
		BackupInstance (0ms)
		ReleaseScriptingObjects (0ms)
		CreateAndSetChildDomain (59ms)
	RebuildCommonClasses (40ms)
	RebuildNativeTypeToScriptingClass (14ms)
	initialDomainReloadingComplete (36ms)
	LoadAllAssembliesAndSetupDomain (581ms)
		LoadAssemblies (460ms)
		RebuildTransferFunctionScriptingTraits (0ms)
		AnalyzeDomain (241ms)
			TypeCache.Refresh (11ms)
				TypeCache.ScanAssembly (0ms)
			BuildScriptInfoCaches (215ms)
			ResolveRequiredComponents (11ms)
	FinalizeReload (1146ms)
		ReleaseScriptCaches (0ms)
		RebuildScriptCaches (0ms)
		SetupLoadedEditorAssemblies (824ms)
			LogAssemblyErrors (0ms)
			InitializePlatformSupportModulesInManaged (14ms)
			SetLoadedEditorAssemblies (3ms)
			BeforeProcessingInitializeOnLoad (91ms)
			ProcessInitializeOnLoadAttributes (628ms)
			ProcessInitializeOnLoadMethodAttributes (71ms)
			AfterProcessingInitializeOnLoad (16ms)
			EditorAssembliesLoaded (0ms)
		ExecutionOrderSort2 (0ms)
		AwakeInstancesAfterBackupRestoration (14ms)
Refreshing native plugins compatible for Editor in 2.21 ms, found 4 plugins.
Preloading 0 native plugins for Editor in 0.00 ms.
Unloading 13 Unused Serialized files (Serialized files now loaded: 0)
Unloading 6538 unused Assets / (4.1 MB). Loaded Objects now: 7363.
Memory consumption went from 170.4 MB to 166.4 MB.
Total: 11.336700 ms (FindLiveObjects: 0.974600 ms CreateObjectMapping: 0.407300 ms MarkObjects: 7.233300 ms  DeleteObjects: 2.720200 ms)

Prepare: number of updated asset objects reloaded= 0
========================================================================
Received Prepare
Refreshing native plugins compatible for Editor in 6.09 ms, found 4 plugins.
Preloading 0 native plugins for Editor in 0.00 ms.
Unloading 13 Unused Serialized files (Serialized files now loaded: 0)
Unloading 6527 unused Assets / (3.9 MB). Loaded Objects now: 7363.
Memory consumption went from 170.6 MB to 166.7 MB.
Total: 15.169200 ms (FindLiveObjects: 1.314200 ms CreateObjectMapping: 0.475600 ms MarkObjects: 9.726400 ms  DeleteObjects: 3.651300 ms)

Prepare: number of updated asset objects reloaded= 0
========================================================================
Received Prepare
Begin MonoManager ReloadAssembly
- Loaded All Assemblies, in  0.908 seconds
Refreshing native plugins compatible for Editor in 2.28 ms, found 4 plugins.
Native extension for Android target not found
Native extension for WindowsStandalone target not found
Native extension for WebGL target not found
Mono: successfully reloaded assembly
- Finished resetting the current domain, in  1.116 seconds
Domain Reload Profiling: 2019ms
	BeginReloadAssembly (241ms)
		ExecutionOrderSort (0ms)
		DisableScriptedObjects (18ms)
		BackupInstance (0ms)
		ReleaseScriptingObjects (0ms)
		CreateAndSetChildDomain (62ms)
	RebuildCommonClasses (38ms)
	RebuildNativeTypeToScriptingClass (14ms)
	initialDomainReloadingComplete (33ms)
	LoadAllAssembliesAndSetupDomain (575ms)
		LoadAssemblies (435ms)
		RebuildTransferFunctionScriptingTraits (0ms)
		AnalyzeDomain (249ms)
			TypeCache.Refresh (13ms)
				TypeCache.ScanAssembly (1ms)
			BuildScriptInfoCaches (220ms)
			ResolveRequiredComponents (12ms)
	FinalizeReload (1117ms)
		ReleaseScriptCaches (0ms)
		RebuildScriptCaches (0ms)
		SetupLoadedEditorAssemblies (779ms)
			LogAssemblyErrors (0ms)
			InitializePlatformSupportModulesInManaged (13ms)
			SetLoadedEditorAssemblies (3ms)
			BeforeProcessingInitializeOnLoad (95ms)
			ProcessInitializeOnLoadAttributes (581ms)
			ProcessInitializeOnLoadMethodAttributes (71ms)
			AfterProcessingInitializeOnLoad (15ms)
			EditorAssembliesLoaded (0ms)
		ExecutionOrderSort2 (0ms)
		AwakeInstancesAfterBackupRestoration (16ms)
Refreshing native plugins compatible for Editor in 2.54 ms, found 4 plugins.
Preloading 0 native plugins for Editor in 0.00 ms.
Unloading 13 Unused Serialized files (Serialized files now loaded: 0)
Unloading 6538 unused Assets / (4.1 MB). Loaded Objects now: 7365.
Memory consumption went from 170.5 MB to 166.4 MB.
Total: 12.173500 ms (FindLiveObjects: 1.146900 ms CreateObjectMapping: 1.049300 ms MarkObjects: 7.181700 ms  DeleteObjects: 2.794100 ms)

Prepare: number of updated asset objects reloaded= 0
========================================================================
Received Prepare
Refreshing native plugins compatible for Editor in 3.17 ms, found 4 plugins.
Preloading 0 native plugins for Editor in 0.00 ms.
Unloading 13 Unused Serialized files (Serialized files now loaded: 0)
Unloading 6528 unused Assets / (4.5 MB). Loaded Objects now: 7366.
Memory consumption went from 170.6 MB to 166.1 MB.
Total: 13.034200 ms (FindLiveObjects: 1.030600 ms CreateObjectMapping: 0.380100 ms MarkObjects: 7.631100 ms  DeleteObjects: 3.990800 ms)

Prepare: number of updated asset objects reloaded= 0
========================================================================
Received Prepare
Refreshing native plugins compatible for Editor in 3.12 ms, found 4 plugins.
Preloading 0 native plugins for Editor in 0.00 ms.
Unloading 13 Unused Serialized files (Serialized files now loaded: 0)
Unloading 6528 unused Assets / (4.0 MB). Loaded Objects now: 7366.
Memory consumption went from 170.6 MB to 166.6 MB.
Total: 12.524300 ms (FindLiveObjects: 1.248900 ms CreateObjectMapping: 0.818400 ms MarkObjects: 7.686600 ms  DeleteObjects: 2.769100 ms)

Prepare: number of updated asset objects reloaded= 0
========================================================================
Received Import Request.
  Time since last request: 1331.378376 seconds.
  path: Assets/Scripts/SceneLoads/LoadSceneCollectible.cs
  artifactKey: Guid(f6eac145a28e97e418bca5970b3dfa04) Importer(815301076,1909f56bfc062723c751e8b465ee728b)
Start importing Assets/Scripts/SceneLoads/LoadSceneCollectible.cs using Guid(f6eac145a28e97e418bca5970b3dfa04) Importer(815301076,1909f56bfc062723c751e8b465ee728b) (PreviewImporter) -> (artifact id: '9f7c011e5000074557892535cac17ea6') in 0.0491649 seconds
Number of updated asset objects reloaded before import = 0Number of asset objects unloaded after import = 0

========================================================================
Received Prepare
Begin MonoManager ReloadAssembly
- Loaded All Assemblies, in  3.274 seconds
Refreshing native plugins compatible for Editor in 2.35 ms, found 4 plugins.
Native extension for Android target not found
Native extension for WindowsStandalone target not found
Native extension for WebGL target not found
Mono: successfully reloaded assembly
- Finished resetting the current domain, in  1.411 seconds
Domain Reload Profiling: 4677ms
	BeginReloadAssembly (486ms)
		ExecutionOrderSort (0ms)
		DisableScriptedObjects (15ms)
		BackupInstance (0ms)
		ReleaseScriptingObjects (0ms)
		CreateAndSetChildDomain (67ms)
	RebuildCommonClasses (150ms)
	RebuildNativeTypeToScriptingClass (15ms)
	initialDomainReloadingComplete (43ms)
	LoadAllAssembliesAndSetupDomain (2571ms)
		LoadAssemblies (2674ms)
		RebuildTransferFunctionScriptingTraits (0ms)
		AnalyzeDomain (250ms)
			TypeCache.Refresh (11ms)
				TypeCache.ScanAssembly (0ms)
			BuildScriptInfoCaches (224ms)
			ResolveRequiredComponents (12ms)
	FinalizeReload (1411ms)
		ReleaseScriptCaches (0ms)
		RebuildScriptCaches (0ms)
		SetupLoadedEditorAssemblies (879ms)
			LogAssemblyErrors (0ms)
			InitializePlatformSupportModulesInManaged (20ms)
			SetLoadedEditorAssemblies (5ms)
			BeforeProcessingInitializeOnLoad (108ms)
			ProcessInitializeOnLoadAttributes (668ms)
			ProcessInitializeOnLoadMethodAttributes (64ms)
			AfterProcessingInitializeOnLoad (14ms)
			EditorAssembliesLoaded (0ms)
		ExecutionOrderSort2 (0ms)
		AwakeInstancesAfterBackupRestoration (13ms)
Refreshing native plugins compatible for Editor in 2.63 ms, found 4 plugins.
Preloading 0 native plugins for Editor in 0.00 ms.
Unloading 13 Unused Serialized files (Serialized files now loaded: 0)
Unloading 6539 unused Assets / (4.0 MB). Loaded Objects now: 7368.
Memory consumption went from 170.4 MB to 166.4 MB.
Total: 11.012200 ms (FindLiveObjects: 1.172600 ms CreateObjectMapping: 0.472700 ms MarkObjects: 6.586000 ms  DeleteObjects: 2.779000 ms)

Prepare: number of updated asset objects reloaded= 0
========================================================================
Received Import Request.
  Time since last request: 23.986978 seconds.
  path: Assets/Scripts/SceneLoads/LoadSceneCollectible.cs
  artifactKey: Guid(f6eac145a28e97e418bca5970b3dfa04) Importer(815301076,1909f56bfc062723c751e8b465ee728b)
Start importing Assets/Scripts/SceneLoads/LoadSceneCollectible.cs using Guid(f6eac145a28e97e418bca5970b3dfa04) Importer(815301076,1909f56bfc062723c751e8b465ee728b) (PreviewImporter) -> (artifact id: '6edac822bc24fe2df25c497539968b5f') in 0.0065574 seconds
Number of updated asset objects reloaded before import = 0Number of asset objects unloaded after import = 0

========================================================================
Received Import Request.
  Time since last request: 1257.199355 seconds.
  path: Assets/ArtAssets/New Tile Palette.prefab
  artifactKey: Guid(35d5f50cbbb5e2a489ef0a6136f1d280) Importer(815301076,1909f56bfc062723c751e8b465ee728b)
Start importing Assets/ArtAssets/New Tile Palette.prefab using Guid(35d5f50cbbb5e2a489ef0a6136f1d280) Importer(815301076,1909f56bfc062723c751e8b465ee728b) (PreviewImporter) -> (artifact id: 'e8003b042c2a545858de593e16d14fd3') in 0.5676963 seconds
Number of updated asset objects reloaded before import = 0Number of asset objects unloaded after import = 13

========================================================================
Received Import Request.
  Time since last request: 821.388663 seconds.
  path: Assets/ArtAssets/New Tile Palette.prefab
  artifactKey: Guid(35d5f50cbbb5e2a489ef0a6136f1d280) Importer(815301076,1909f56bfc062723c751e8b465ee728b)
Start importing Assets/ArtAssets/New Tile Palette.prefab using Guid(35d5f50cbbb5e2a489ef0a6136f1d280) Importer(815301076,1909f56bfc062723c751e8b465ee728b) (PreviewImporter) -> (artifact id: '39fabbfb33a7b3766b34fbd7130073e4') in 0.0396883 seconds
Number of updated asset objects reloaded before import = 0Number of asset objects unloaded after import = 11

========================================================================
Received Import Request.
  Time since last request: 83.552314 seconds.
  path: Assets/ArtAssets/TileMap/side tile.png
  artifactKey: Guid(b2814df61cf78d845bfecd4a5f9fa6c0) Importer(815301076,1909f56bfc062723c751e8b465ee728b)
Start importing Assets/ArtAssets/TileMap/side tile.png using Guid(b2814df61cf78d845bfecd4a5f9fa6c0) Importer(815301076,1909f56bfc062723c751e8b465ee728b) (PreviewImporter) -> (artifact id: '25fd3a50090f5713ca3d6dc91a2f5f70') in 0.0357938 seconds
Number of updated asset objects reloaded before import = 0Number of asset objects unloaded after import = 3

========================================================================
Received Import Request.
  Time since last request: 49.269711 seconds.
  path: Assets/ArtAssets/TileMap/New Palette.prefab
  artifactKey: Guid(4239abede49fe2643a7639944c333f08) Importer(815301076,1909f56bfc062723c751e8b465ee728b)
Start importing Assets/ArtAssets/TileMap/New Palette.prefab using Guid(4239abede49fe2643a7639944c333f08) Importer(815301076,1909f56bfc062723c751e8b465ee728b) (PreviewImporter) -> (artifact id: 'de0201a2f4011c61a35469705ae02b5b') in 0.0236295 seconds
Number of updated asset objects reloaded before import = 0Number of asset objects unloaded after import = 13

========================================================================
Received Import Request.
  Time since last request: 21.855704 seconds.
  path: Assets/ArtAssets/TileMap/New Palette.prefab
  artifactKey: Guid(4239abede49fe2643a7639944c333f08) Importer(815301076,1909f56bfc062723c751e8b465ee728b)
Start importing Assets/ArtAssets/TileMap/New Palette.prefab using Guid(4239abede49fe2643a7639944c333f08) Importer(815301076,1909f56bfc062723c751e8b465ee728b) (PreviewImporter) -> (artifact id: '8f81e30d80079cf3023797075cad222a') in 0.0256899 seconds
Number of updated asset objects reloaded before import = 0Number of asset objects unloaded after import = 16

========================================================================
Received Import Request.
  Time since last request: 13.498723 seconds.
  path: Assets/ArtAssets/TileMap/Outsidecorner_0.asset
  artifactKey: Guid(d5660bbb3ec9a0e48820e9a6ce2ea882) Importer(815301076,1909f56bfc062723c751e8b465ee728b)
Start importing Assets/ArtAssets/TileMap/Outsidecorner_0.asset using Guid(d5660bbb3ec9a0e48820e9a6ce2ea882) Importer(815301076,1909f56bfc062723c751e8b465ee728b) (PreviewImporter) -> (artifact id: '4b2f02e1fac7d9f9b0823b775756035f') in 0.1158123 seconds
Number of updated asset objects reloaded before import = 0Number of asset objects unloaded after import = 3

========================================================================
Received Import Request.
  Time since last request: 3.322133 seconds.
  path: Assets/ArtAssets/TileMap/side tile_0.asset
  artifactKey: Guid(51819ee9abc7132439e748ab589512fb) Importer(815301076,1909f56bfc062723c751e8b465ee728b)
Start importing Assets/ArtAssets/TileMap/side tile_0.asset using Guid(51819ee9abc7132439e748ab589512fb) Importer(815301076,1909f56bfc062723c751e8b465ee728b) (PreviewImporter) -> (artifact id: '4b97b35cc507c63cbbf2e255df984cd3') in 0.0187857 seconds
Number of updated asset objects reloaded before import = 0Number of asset objects unloaded after import = 3

========================================================================
Received Import Request.
  Time since last request: 251.497381 seconds.
  path: Assets/ArtAssets/TileMap/New Palette.prefab
  artifactKey: Guid(4239abede49fe2643a7639944c333f08) Importer(815301076,1909f56bfc062723c751e8b465ee728b)
Start importing Assets/ArtAssets/TileMap/New Palette.prefab using Guid(4239abede49fe2643a7639944c333f08) Importer(815301076,1909f56bfc062723c751e8b465ee728b) (PreviewImporter) -> (artifact id: '8c45ee165e993c41bd8efe3ae3d04d55') in 0.0248185 seconds
Number of updated asset objects reloaded before import = 0Number of asset objects unloaded after import = 22

========================================================================
Received Import Request.
  Time since last request: 64.983897 seconds.
  path: Assets/ArtAssets/TileMap/Outsidecorner_0.asset
  artifactKey: Guid(d5660bbb3ec9a0e48820e9a6ce2ea882) Importer(815301076,1909f56bfc062723c751e8b465ee728b)
Start importing Assets/ArtAssets/TileMap/Outsidecorner_0.asset using Guid(d5660bbb3ec9a0e48820e9a6ce2ea882) Importer(815301076,1909f56bfc062723c751e8b465ee728b) (PreviewImporter) -> (artifact id: '938f6ebc366d0802cb4cdc26a15f5710') in 0.0072136 seconds
Number of updated asset objects reloaded before import = 0Number of asset objects unloaded after import = 3

========================================================================
Received Import Request.
  Time since last request: 4.608297 seconds.
  path: Assets/ArtAssets/TileMap/Outsidecorner_0.asset
  artifactKey: Guid(d5660bbb3ec9a0e48820e9a6ce2ea882) Importer(815301076,1909f56bfc062723c751e8b465ee728b)
Start importing Assets/ArtAssets/TileMap/Outsidecorner_0.asset using Guid(d5660bbb3ec9a0e48820e9a6ce2ea882) Importer(815301076,1909f56bfc062723c751e8b465ee728b) (PreviewImporter) -> (artifact id: 'e5e2f364e80b7c556f59efd32d5865fb') in 0.0108846 seconds
Number of updated asset objects reloaded before import = 0Number of asset objects unloaded after import = 3

========================================================================
Received Import Request.
  Time since last request: 3.571481 seconds.
  path: Assets/ArtAssets/TileMap/Outsidecorner_0.asset
  artifactKey: Guid(d5660bbb3ec9a0e48820e9a6ce2ea882) Importer(815301076,1909f56bfc062723c751e8b465ee728b)
Start importing Assets/ArtAssets/TileMap/Outsidecorner_0.asset using Guid(d5660bbb3ec9a0e48820e9a6ce2ea882) Importer(815301076,1909f56bfc062723c751e8b465ee728b) (PreviewImporter) -> (artifact id: 'c0a531608ff1fa29de9ef01d3130db6c') in 0.006267 seconds
Number of updated asset objects reloaded before import = 0Number of asset objects unloaded after import = 3

========================================================================
Received Import Request.
  Time since last request: 3.844874 seconds.
  path: Assets/ArtAssets/TileMap/Outsidecorner_0.asset
  artifactKey: Guid(d5660bbb3ec9a0e48820e9a6ce2ea882) Importer(815301076,1909f56bfc062723c751e8b465ee728b)
Start importing Assets/ArtAssets/TileMap/Outsidecorner_0.asset using Guid(d5660bbb3ec9a0e48820e9a6ce2ea882) Importer(815301076,1909f56bfc062723c751e8b465ee728b) (PreviewImporter) -> (artifact id: '220accc0a93986031ca2ab4ad0f2cf11') in 0.008799 seconds
Number of updated asset objects reloaded before import = 0Number of asset objects unloaded after import = 3

========================================================================
Received Import Request.
  Time since last request: 9.289836 seconds.
  path: Assets/ArtAssets/TileMap/Outsidecorner_0.asset
  artifactKey: Guid(d5660bbb3ec9a0e48820e9a6ce2ea882) Importer(815301076,1909f56bfc062723c751e8b465ee728b)
Start importing Assets/ArtAssets/TileMap/Outsidecorner_0.asset using Guid(d5660bbb3ec9a0e48820e9a6ce2ea882) Importer(815301076,1909f56bfc062723c751e8b465ee728b) (PreviewImporter) -> (artifact id: '1064fd8ba1fc95844b1c87dbfa3dc8e9') in 0.0148043 seconds
Number of updated asset objects reloaded before import = 0Number of asset objects unloaded after import = 3

========================================================================
Received Import Request.
  Time since last request: 5.764276 seconds.
  path: Assets/ArtAssets/TileMap/Outsidecorner_0.asset
  artifactKey: Guid(d5660bbb3ec9a0e48820e9a6ce2ea882) Importer(815301076,1909f56bfc062723c751e8b465ee728b)
Start importing Assets/ArtAssets/TileMap/Outsidecorner_0.asset using Guid(d5660bbb3ec9a0e48820e9a6ce2ea882) Importer(815301076,1909f56bfc062723c751e8b465ee728b) (PreviewImporter) -> (artifact id: '3bdea32eafadb9e3aaf2a445cf7dad7e') in 0.0145715 seconds
Number of updated asset objects reloaded before import = 0Number of asset objects unloaded after import = 3

========================================================================
Received Import Request.
  Time since last request: 15.457534 seconds.
  path: Assets/ArtAssets/TileMap/side tile_0.asset
  artifactKey: Guid(51819ee9abc7132439e748ab589512fb) Importer(815301076,1909f56bfc062723c751e8b465ee728b)
Start importing Assets/ArtAssets/TileMap/side tile_0.asset using Guid(51819ee9abc7132439e748ab589512fb) Importer(815301076,1909f56bfc062723c751e8b465ee728b) (PreviewImporter) -> (artifact id: '4e7fa16867c2959a6141d1e52d76bd3c') in 0.0100283 seconds
Number of updated asset objects reloaded before import = 0Number of asset objects unloaded after import = 3

========================================================================
Received Import Request.
  Time since last request: 20.354285 seconds.
  path: Assets/ArtAssets/TileMap/side tile.png
  artifactKey: Guid(b2814df61cf78d845bfecd4a5f9fa6c0) Importer(815301076,1909f56bfc062723c751e8b465ee728b)
Start importing Assets/ArtAssets/TileMap/side tile.png using Guid(b2814df61cf78d845bfecd4a5f9fa6c0) Importer(815301076,1909f56bfc062723c751e8b465ee728b) (PreviewImporter) -> (artifact id: '6e54894eb5ebb39a9b3d341f9c817068') in 0.0319776 seconds
Number of updated asset objects reloaded before import = 0Number of asset objects unloaded after import = 3

========================================================================
Received Import Request.
  Time since last request: 0.000030 seconds.
  path: Assets/ArtAssets/TileMap/side tile_0.asset
  artifactKey: Guid(51819ee9abc7132439e748ab589512fb) Importer(815301076,1909f56bfc062723c751e8b465ee728b)
Start importing Assets/ArtAssets/TileMap/side tile_0.asset using Guid(51819ee9abc7132439e748ab589512fb) Importer(815301076,1909f56bfc062723c751e8b465ee728b) (PreviewImporter) -> (artifact id: 'd7c2129d08ecb10f14d1945f1ac26cfa') in 0.0222837 seconds
Number of updated asset objects reloaded before import = 0Number of asset objects unloaded after import = 3

========================================================================
Received Import Request.
  Time since last request: 300.174071 seconds.
  path: Assets/ArtAssets/TileMap/Tiles/inner square_0.asset
  artifactKey: Guid(892f9f309260dc049868d06a70d8eee6) Importer(815301076,1909f56bfc062723c751e8b465ee728b)
Start importing Assets/ArtAssets/TileMap/Tiles/inner square_0.asset using Guid(892f9f309260dc049868d06a70d8eee6) Importer(815301076,1909f56bfc062723c751e8b465ee728b) (PreviewImporter) -> (artifact id: '8cd0e1e5c736eb5bb894abe43514bdfc') in 0.0334366 seconds
Number of updated asset objects reloaded before import = 0Number of asset objects unloaded after import = 3

========================================================================
Received Import Request.
  Time since last request: 1210.285244 seconds.
  path: Assets/ArtAssets/TileMap/Outsidecorner-bottomright.png
  artifactKey: Guid(18542ab39030b004a9d1862a99e14dad) Importer(815301076,1909f56bfc062723c751e8b465ee728b)
Start importing Assets/ArtAssets/TileMap/Outsidecorner-bottomright.png using Guid(18542ab39030b004a9d1862a99e14dad) Importer(815301076,1909f56bfc062723c751e8b465ee728b) (PreviewImporter) -> (artifact id: '88944eb630c4fc002b7dfafb6b950460') in 0.0226524 seconds
Number of updated asset objects reloaded before import = 0Number of asset objects unloaded after import = 3

========================================================================
Received Import Request.
  Time since last request: 0.000035 seconds.
  path: Assets/ArtAssets/TileMap/Outsidecorner-topright.png
  artifactKey: Guid(bd37f192a7a8c3a42917d76236c2996f) Importer(815301076,1909f56bfc062723c751e8b465ee728b)
Start importing Assets/ArtAssets/TileMap/Outsidecorner-topright.png using Guid(bd37f192a7a8c3a42917d76236c2996f) Importer(815301076,1909f56bfc062723c751e8b465ee728b) (PreviewImporter) -> (artifact id: 'a908b3860e97c5e04275be46a3531a9d') in 0.0177113 seconds
Number of updated asset objects reloaded before import = 0Number of asset objects unloaded after import = 3

========================================================================
Received Import Request.
  Time since last request: 20.230541 seconds.
  path: Assets/ArtAssets/TileMap/Outsidecorner-bottomleft_0.asset
  artifactKey: Guid(75755a6d9f25dea44a88f7a5b52ce082) Importer(815301076,1909f56bfc062723c751e8b465ee728b)
Start importing Assets/ArtAssets/TileMap/Outsidecorner-bottomleft_0.asset using Guid(75755a6d9f25dea44a88f7a5b52ce082) Importer(815301076,1909f56bfc062723c751e8b465ee728b) (PreviewImporter) -> (artifact id: 'bb903fff072440d2bd07a9f6f8261bf8') in 0.0222301 seconds
Number of updated asset objects reloaded before import = 0Number of asset objects unloaded after import = 3

========================================================================
Received Import Request.
  Time since last request: 3.598267 seconds.
  path: Assets/ArtAssets/TileMap/Outsidecorner-bottomright_0.asset
  artifactKey: Guid(f97017173cb5ec8479bab3af036d19e4) Importer(815301076,1909f56bfc062723c751e8b465ee728b)
Start importing Assets/ArtAssets/TileMap/Outsidecorner-bottomright_0.asset using Guid(f97017173cb5ec8479bab3af036d19e4) Importer(815301076,1909f56bfc062723c751e8b465ee728b) (PreviewImporter) -> (artifact id: '02de82cb22d2060a0d1da407b21f1a68') in 0.0220304 seconds
Number of updated asset objects reloaded before import = 0Number of asset objects unloaded after import = 3

========================================================================
Received Import Request.
  Time since last request: 6.250030 seconds.
  path: Assets/ArtAssets/TileMap/Outsidecorner-topright_0.asset
  artifactKey: Guid(a23618b3ac2ab4248839fc24b5e3c7e7) Importer(815301076,1909f56bfc062723c751e8b465ee728b)
Start importing Assets/ArtAssets/TileMap/Outsidecorner-topright_0.asset using Guid(a23618b3ac2ab4248839fc24b5e3c7e7) Importer(815301076,1909f56bfc062723c751e8b465ee728b) (PreviewImporter) -> (artifact id: '9acab990d417a590c694112329d51a82') in 0.0279677 seconds
Number of updated asset objects reloaded before import = 0Number of asset objects unloaded after import = 3

========================================================================
Received Import Request.
  Time since last request: 12.630459 seconds.
  path: Assets/ArtAssets/TileMap/Outsidecorner-bottomleft_0.asset
  artifactKey: Guid(75755a6d9f25dea44a88f7a5b52ce082) Importer(815301076,1909f56bfc062723c751e8b465ee728b)
Start importing Assets/ArtAssets/TileMap/Outsidecorner-bottomleft_0.asset using Guid(75755a6d9f25dea44a88f7a5b52ce082) Importer(815301076,1909f56bfc062723c751e8b465ee728b) (PreviewImporter) -> (artifact id: 'b87b61f945b9888d6f546e07efcb3939') in 0.0147873 seconds
Number of updated asset objects reloaded before import = 0Number of asset objects unloaded after import = 3

========================================================================
Received Import Request.
  Time since last request: 7.749582 seconds.
  path: Assets/ArtAssets/TileMap/Ground.prefab
  artifactKey: Guid(4239abede49fe2643a7639944c333f08) Importer(815301076,1909f56bfc062723c751e8b465ee728b)
Start importing Assets/ArtAssets/TileMap/Ground.prefab using Guid(4239abede49fe2643a7639944c333f08) Importer(815301076,1909f56bfc062723c751e8b465ee728b) (PreviewImporter) -> (artifact id: 'af87a7a567f713bb52d7bd9d2f69c855') in 0.0247376 seconds
Number of updated asset objects reloaded before import = 0Number of asset objects unloaded after import = 31

========================================================================
Received Import Request.
  Time since last request: 5.344883 seconds.
  path: Assets/ArtAssets/TileMap/Outsidecorner-topright_0.asset
  artifactKey: Guid(a23618b3ac2ab4248839fc24b5e3c7e7) Importer(815301076,1909f56bfc062723c751e8b465ee728b)
Start importing Assets/ArtAssets/TileMap/Outsidecorner-topright_0.asset using Guid(a23618b3ac2ab4248839fc24b5e3c7e7) Importer(815301076,1909f56bfc062723c751e8b465ee728b) (PreviewImporter) -> (artifact id: 'ae9d7784802c55e6c2a02c9ff151dc45') in 0.0167229 seconds
Number of updated asset objects reloaded before import = 0Number of asset objects unloaded after import = 3

========================================================================
Received Import Request.
  Time since last request: 393.952460 seconds.
  path: Assets/ArtAssets/TileMap/side tile-right.png
  artifactKey: Guid(5b1d23d17581da947bdf07c67f7dd63e) Importer(815301076,1909f56bfc062723c751e8b465ee728b)
Start importing Assets/ArtAssets/TileMap/side tile-right.png using Guid(5b1d23d17581da947bdf07c67f7dd63e) Importer(815301076,1909f56bfc062723c751e8b465ee728b) (PreviewImporter) -> (artifact id: 'f8a2fb57cfa875eb6ca31442f71668e6') in 0.0275142 seconds
Number of updated asset objects reloaded before import = 0Number of asset objects unloaded after import = 3

========================================================================
Received Import Request.
  Time since last request: 26.010867 seconds.
  path: Assets/ArtAssets/TileMap/side tile-right_0.asset
  artifactKey: Guid(518d49cad8f0ce54ba226c5ce328b1a6) Importer(815301076,1909f56bfc062723c751e8b465ee728b)
Start importing Assets/ArtAssets/TileMap/side tile-right_0.asset using Guid(518d49cad8f0ce54ba226c5ce328b1a6) Importer(815301076,1909f56bfc062723c751e8b465ee728b) (PreviewImporter) -> (artifact id: 'ccb297f6a8c3c44c2e0ed0f1b6f51cca') in 0.0250061 seconds
Number of updated asset objects reloaded before import = 0Number of asset objects unloaded after import = 3

========================================================================
Received Import Request.
  Time since last request: 21.555031 seconds.
  path: Assets/ArtAssets/TileMap/side tile-flipped_0.asset
  artifactKey: Guid(18aa4d66824e4b449804a6c4ba693546) Importer(815301076,1909f56bfc062723c751e8b465ee728b)
Start importing Assets/ArtAssets/TileMap/side tile-flipped_0.asset using Guid(18aa4d66824e4b449804a6c4ba693546) Importer(815301076,1909f56bfc062723c751e8b465ee728b) (PreviewImporter) -> (artifact id: '4c82a6e1307c9ae24453ed6b86c9ec6e') in 0.0230893 seconds
Number of updated asset objects reloaded before import = 0Number of asset objects unloaded after import = 3

========================================================================
Received Import Request.
  Time since last request: 38.729593 seconds.
  path: Assets/ArtAssets/TileMap/side tile-left_0.asset
  artifactKey: Guid(0ba511386489ef44aa3ed84b54bdc7b5) Importer(815301076,1909f56bfc062723c751e8b465ee728b)
Start importing Assets/ArtAssets/TileMap/side tile-left_0.asset using Guid(0ba511386489ef44aa3ed84b54bdc7b5) Importer(815301076,1909f56bfc062723c751e8b465ee728b) (PreviewImporter) -> (artifact id: '7013a54d654480c87bfd6cb70113fd94') in 0.019175 seconds
Number of updated asset objects reloaded before import = 0Number of asset objects unloaded after import = 3

========================================================================
Received Import Request.
  Time since last request: 4.628272 seconds.
  path: Assets/ArtAssets/TileMap/inner square_0.asset
  artifactKey: Guid(44b15658f1090f844894c40459246701) Importer(815301076,1909f56bfc062723c751e8b465ee728b)
Start importing Assets/ArtAssets/TileMap/inner square_0.asset using Guid(44b15658f1090f844894c40459246701) Importer(815301076,1909f56bfc062723c751e8b465ee728b) (PreviewImporter) -> (artifact id: '28344a4f0513579d7c55b92bbdb38650') in 0.0228916 seconds
Number of updated asset objects reloaded before import = 0Number of asset objects unloaded after import = 3

========================================================================
Received Import Request.
  Time since last request: 5.464104 seconds.
  path: Assets/ArtAssets/TileMap/inner corner_0.asset
  artifactKey: Guid(b77ed4a79fb4c814eaab9e543313e691) Importer(815301076,1909f56bfc062723c751e8b465ee728b)
Start importing Assets/ArtAssets/TileMap/inner corner_0.asset using Guid(b77ed4a79fb4c814eaab9e543313e691) Importer(815301076,1909f56bfc062723c751e8b465ee728b) (PreviewImporter) -> (artifact id: '27118c9f5c6be9ee2de30a73b2ec3c87') in 0.0204823 seconds
Number of updated asset objects reloaded before import = 0Number of asset objects unloaded after import = 3

========================================================================
Received Prepare
Refreshing native plugins compatible for Editor in 1.17 ms, found 0 plugins.
Preloading 0 native plugins for Editor in 0.00 ms.
Unloading 0 Unused Serialized files (Serialized files now loaded: 0)
Unloading 79 unused Assets / (1.0 KB). Loaded Objects now: 1087.
Memory consumption went from 151.8 MB to 151.8 MB.
Total: 50.133500 ms (FindLiveObjects: 0.506900 ms CreateObjectMapping: 0.015000 ms MarkObjects: 49.487500 ms  DeleteObjects: 0.122300 ms)

Prepare: number of updated asset objects reloaded= 184
========================================================================
Received Prepare
Refreshing native plugins compatible for Editor in 0.77 ms, found 0 plugins.
Preloading 0 native plugins for Editor in 0.00 ms.
Unloading 0 Unused Serialized files (Serialized files now loaded: 0)
Unloading 1 unused Assets / (39.2 KB). Loaded Objects now: 902.
Memory consumption went from 128.0 MB to 128.0 MB.
Total: 9.263600 ms (FindLiveObjects: 0.075200 ms CreateObjectMapping: 0.007900 ms MarkObjects: 9.045600 ms  DeleteObjects: 0.133400 ms)

Prepare: number of updated asset objects reloaded= 0
========================================================================
Received Prepare
Begin MonoManager ReloadAssembly
- Loaded All Assemblies, in  1.989 seconds
Refreshing native plugins compatible for Editor in 4.07 ms, found 4 plugins.
Native extension for Android target not found
Native extension for WindowsStandalone target not found
Native extension for WebGL target not found
Mono: successfully reloaded assembly
- Finished resetting the current domain, in  1.884 seconds
Domain Reload Profiling: 3858ms
	BeginReloadAssembly (796ms)
		ExecutionOrderSort (0ms)
		DisableScriptedObjects (73ms)
		BackupInstance (0ms)
		ReleaseScriptingObjects (0ms)
		CreateAndSetChildDomain (449ms)
	RebuildCommonClasses (74ms)
	RebuildNativeTypeToScriptingClass (14ms)
	initialDomainReloadingComplete (47ms)
	LoadAllAssembliesAndSetupDomain (1042ms)
		LoadAssemblies (750ms)
		RebuildTransferFunctionScriptingTraits (0ms)
		AnalyzeDomain (461ms)
			TypeCache.Refresh (16ms)
				TypeCache.ScanAssembly (0ms)
			BuildScriptInfoCaches (409ms)
			ResolveRequiredComponents (27ms)
	FinalizeReload (1885ms)
		ReleaseScriptCaches (0ms)
		RebuildScriptCaches (0ms)
		SetupLoadedEditorAssemblies (885ms)
			LogAssemblyErrors (0ms)
			InitializePlatformSupportModulesInManaged (15ms)
			SetLoadedEditorAssemblies (5ms)
			BeforeProcessingInitializeOnLoad (114ms)
			ProcessInitializeOnLoadAttributes (671ms)
			ProcessInitializeOnLoadMethodAttributes (65ms)
			AfterProcessingInitializeOnLoad (14ms)
			EditorAssembliesLoaded (0ms)
		ExecutionOrderSort2 (0ms)
		AwakeInstancesAfterBackupRestoration (12ms)
Refreshing native plugins compatible for Editor in 2.71 ms, found 4 plugins.
Preloading 0 native plugins for Editor in 0.00 ms.
Unloading 195 Unused Serialized files (Serialized files now loaded: 0)
Unloading 6577 unused Assets / (10.1 MB). Loaded Objects now: 7365.
Memory consumption went from 201.2 MB to 191.1 MB.
Total: 16.239100 ms (FindLiveObjects: 1.561300 ms CreateObjectMapping: 0.613100 ms MarkObjects: 7.236300 ms  DeleteObjects: 6.825900 ms)

Prepare: number of updated asset objects reloaded= 0
========================================================================
Received Prepare
Refreshing native plugins compatible for Editor in 2.40 ms, found 4 plugins.
Preloading 0 native plugins for Editor in 0.00 ms.
Unloading 51 Unused Serialized files (Serialized files now loaded: 0)
Unloading 51 unused Assets / (5.2 MB). Loaded Objects now: 7365.
Memory consumption went from 175.3 MB to 170.1 MB.
Total: 10.006800 ms (FindLiveObjects: 0.519000 ms CreateObjectMapping: 0.150900 ms MarkObjects: 6.896100 ms  DeleteObjects: 2.439600 ms)

Prepare: number of updated asset objects reloaded= 0
